生成启动时间为 2017/10/29 16:39:41。
     1>项目“C:\Users\admin\Documents\Visual Studio 2013\Projects\compiler_demo\compiler_demo\compiler_demo.vcxproj”在节点 2 上(Build 个目标)。
     1>ClCompile:
         H:\Vs2013 SDD\VC\bin\CL.exe /c /Zi /nologo /W3 /WX- /sdl /O2 /Oi /Oy- /GL /D _MBCS /Gm- /EHsc /MD /GS /Gy /fp:precise /Zc:wchar_t /Zc:forScope /Fo"Release\\" /Fd"Release\vc120.pdb" /Gd /TC /analyze- /errorReport:prompt  /D _CRT_SECURE_NO_WARNINGS cgen.c
         cgen.c
     1>cgen.c(507): warning C4013: “copyString”未定义；假设外部返回 int
       Link:
         H:\Vs2013 SDD\VC\bin\link.exe /ERRORREPORT:PROMPT /OUT:"C:\Users\admin\Documents\Visual Studio 2013\Projects\compiler_demo\Release\compiler_demo.exe" /NOLOGO kernel32.lib user32.lib gdi32.lib winspool.lib comdlg32.lib advapi32.lib shell32.lib ole32.lib oleaut32.lib uuid.lib odbc32.lib odbccp32.lib /MANIFEST /MANIFESTUAC:"level='asInvoker' uiAccess='false'" /manifest:embed /DEBUG /PDB:"C:\Users\admin\Documents\Visual Studio 2013\Projects\compiler_demo\Release\compiler_demo.pdb" /OPT:REF /OPT:ICF /LTCG /TLBID:1 /DYNAMICBASE /NXCOMPAT /IMPLIB:"C:\Users\admin\Documents\Visual Studio 2013\Projects\compiler_demo\Release\compiler_demo.lib" /MACHINE:X86 /SAFESEH Release\analyze.obj
         Release\cgen.obj
         Release\code.obj
         Release\main.obj
         Release\parse.obj
         Release\scan.obj
         Release\symtable.obj
         Release\tinytype.obj
         Release\tm.obj
         Release\util.obj
         正在生成代码
     1>c:\users\admin\documents\visual studio 2013\projects\compiler_demo\compiler_demo\tinytype.c(154): warning C4715: “getIndexOfFType”: 不是所有的控件路径都返回值
     1>c:\users\admin\documents\visual studio 2013\projects\compiler_demo\compiler_demo\tinytype.c(49): warning C4715: “createTypeFromBasic”: 不是所有的控件路径都返回值
         已完成代码的生成
         compiler_demo.vcxproj -> C:\Users\admin\Documents\Visual Studio 2013\Projects\compiler_demo\Release\compiler_demo.exe
     1>已完成生成项目“C:\Users\admin\Documents\Visual Studio 2013\Projects\compiler_demo\compiler_demo\compiler_demo.vcxproj”(Build 个目标)的操作。

生成成功。

已用时间 00:00:00.84
